<?xml version="1.0" encoding="UTF-8" ?>
<testsuite tests="4" failures="0" name="com.javaee.ex03.BookDynamicMapperTest" time="1.153" errors="0" skipped="0">
  <properties>
[...]
</properties>
  <testcase classname="com.javaee.ex03.BookDynamicMapperTest" name="updateBookTest" time="0.874"/>
  <testcase classname="com.javaee.ex03.BookDynamicMapperTest" name="findBookByBookIdsTest" time="0.142"/>
  <testcase classname="com.javaee.ex03.BookDynamicMapperTest" name="findBookByBookNameTest" time="0.072"/>
  <testcase classname="com.javaee.ex03.BookDynamicMapperTest" name="findBookByParamsTest" time="0.065"/>
</testsuite>